<?xml version="1.0" encoding="UTF-8"?>
<!-- Generated by org.testng.reporters.JUnitReportReporter -->
<testsuite skipped="0" hostname="DESKTOP-8KLIGMJ" name="testcases.LoginTest" tests="2" failures="0" timestamp="03 avr. 2020 18:00:37 GMT" time="67.610" errors="0">
  <testcase name="loginPageTitleTest" time="13.554" classname="testcases.LoginTest"/>
  <testcase name="loginTest" time="54.056" classname="testcases.LoginTest"/>
</testsuite> <!-- testcases.LoginTest -->
