<?xml version="1.0" encoding="UTF-8"?>
<!-- Generated by org.testng.reporters.JUnitReportReporter -->
<testsuite skipped="0" hostname="DESKTOP-8KLIGMJ" name="testcases.LoginTest" tests="2" failures="0" timestamp="14 mars 2020 04:06:31 GMT" time="51.866" errors="0">
  <testcase name="loginPageTitleTest" time="27.805" classname="testcases.LoginTest"/>
  <testcase name="loginTest" time="24.061" classname="testcases.LoginTest"/>
</testsuite> <!-- testcases.LoginTest -->
